<?xml version="1.0" encoding="UTF-8"?>
<robot generator="Robot 3.2.1 (Python 3.7.5 on win32)" generated="20200525 09:22:50.535" rpa="false">
<suite id="s1" name="UnitTest" source="C:\Users\RUPAK\Desktop\soupui\robottest\UnitTest">
<suite id="s1-s1" name="Unit1" source="C:\Users\RUPAK\Desktop\soupui\robottest\UnitTest\unit1">
<suite id="s1-s1-s1" name="Login" source="C:\Users\RUPAK\Desktop\soupui\robottest\UnitTest\unit1\Login.robot">
<test id="s1-s1-s1-t1" name="Login Test">
<kw name="NavigateToURL" library="CustomKeywords">
<arguments>
<arg>${url}</arg>
<arg>${browser}</arg>
</arguments>
<kw name="Open Browser" library="SeleniumLibrary">
<doc>Opens a new browser instance to the optional ``url``.</doc>
<arguments>
<arg>${url}</arg>
<arg>${browser}</arg>
</arguments>
<msg timestamp="20200525 09:22:51.006" level="INFO">Opening browser 'chrome' to base url 'http://newtours.demoaut.com'.</msg>
<status status="PASS" starttime="20200525 09:22:51.006" endtime="20200525 09:22:56.521"></status>
</kw>
<kw name="Maximize Browser Window" library="SeleniumLibrary">
<doc>Maximizes current browser window.</doc>
<status status="PASS" starttime="20200525 09:22:56.522" endtime="20200525 09:22:57.652"></status>
</kw>
<status status="PASS" starttime="20200525 09:22:51.005" endtime="20200525 09:22:57.653"></status>
</kw>
<kw name="Input Text" library="SeleniumLibrary">
<doc>Types the given ``text`` into the text field identified by ``locator``.</doc>
<arguments>
<arg>${userName}</arg>
<arg>mercury</arg>
</arguments>
<msg timestamp="20200525 09:22:57.656" level="INFO">Typing text 'mercury' into text field 'xpath://input[@name='userName']'.</msg>
<status status="PASS" starttime="20200525 09:22:57.654" endtime="20200525 09:22:57.789"></status>
</kw>
<kw name="Input Text" library="SeleniumLibrary">
<doc>Types the given ``text`` into the text field identified by ``locator``.</doc>
<arguments>
<arg>${password}</arg>
<arg>mercury</arg>
</arguments>
<msg timestamp="20200525 09:22:57.790" level="INFO">Typing text 'mercury' into text field 'xpath://input[@name='password']'.</msg>
<status status="PASS" starttime="20200525 09:22:57.789" endtime="20200525 09:22:57.862"></status>
</kw>
<kw name="Click Button" library="SeleniumLibrary">
<doc>Clicks the button identified by ``locator``.</doc>
<arguments>
<arg>//input[@name='login']</arg>
</arguments>
<msg timestamp="20200525 09:22:57.863" level="INFO">Clicking button '//input[@name='login']'.</msg>
<status status="PASS" starttime="20200525 09:22:57.863" endtime="20200525 09:23:04.713"></status>
</kw>
<kw name="Sleep" library="BuiltIn">
<doc>Pauses the test executed for the given time.</doc>
<arguments>
<arg>2</arg>
</arguments>
<msg timestamp="20200525 09:23:06.715" level="INFO">Slept 2 seconds</msg>
<status status="PASS" starttime="20200525 09:23:04.714" endtime="20200525 09:23:06.715"></status>
</kw>
<doc>Test to check login functionality of Mercury website</doc>
<status status="PASS" starttime="20200525 09:22:51.004" endtime="20200525 09:23:06.715" critical="yes"></status>
</test>
<test id="s1-s1-s1-t2" name="Book Flight">
<kw name="Select Radio Button" library="SeleniumLibrary">
<doc>Sets the radio button group ``group_name`` to ``value``.</doc>
<arguments>
<arg>tripType</arg>
<arg>oneway</arg>
</arguments>
<msg timestamp="20200525 09:23:06.718" level="INFO">Selecting 'oneway' from radio button 'tripType'.</msg>
<status status="PASS" starttime="20200525 09:23:06.717" endtime="20200525 09:23:06.778"></status>
</kw>
<kw name="Select From List By Label" library="SeleniumLibrary">
<doc>Selects options from selection list ``locator`` by ``labels``.</doc>
<arguments>
<arg>passCount</arg>
<arg>3</arg>
</arguments>
<msg timestamp="20200525 09:23:06.779" level="INFO">Selecting options from selection list 'passCount' by label 3.</msg>
<status status="PASS" starttime="20200525 09:23:06.778" endtime="20200525 09:23:06.852"></status>
</kw>
<kw name="Select From List By Label" library="SeleniumLibrary">
<doc>Selects options from selection list ``locator`` by ``labels``.</doc>
<arguments>
<arg>fromPort</arg>
<arg>Paris</arg>
</arguments>
<msg timestamp="20200525 09:23:06.853" level="INFO">Selecting options from selection list 'fromPort' by label Paris.</msg>
<status status="PASS" starttime="20200525 09:23:06.852" endtime="20200525 09:23:06.924"></status>
</kw>
<kw name="Select From List By Label" library="SeleniumLibrary">
<doc>Selects options from selection list ``locator`` by ``labels``.</doc>
<arguments>
<arg>fromMonth</arg>
<arg>July</arg>
</arguments>
<msg timestamp="20200525 09:23:06.925" level="INFO">Selecting options from selection list 'fromMonth' by label July.</msg>
<status status="PASS" starttime="20200525 09:23:06.924" endtime="20200525 09:23:06.996"></status>
</kw>
<kw name="Select From List By Label" library="SeleniumLibrary">
<doc>Selects options from selection list ``locator`` by ``labels``.</doc>
<arguments>
<arg>fromDay</arg>
<arg>22</arg>
</arguments>
<msg timestamp="20200525 09:23:06.997" level="INFO">Selecting options from selection list 'fromDay' by label 22.</msg>
<status status="PASS" starttime="20200525 09:23:06.996" endtime="20200525 09:23:07.068"></status>
</kw>
<kw name="Select From List By Label" library="SeleniumLibrary">
<doc>Selects options from selection list ``locator`` by ``labels``.</doc>
<arguments>
<arg>toPort</arg>
<arg>London</arg>
</arguments>
<msg timestamp="20200525 09:23:07.069" level="INFO">Selecting options from selection list 'toPort' by label London.</msg>
<status status="PASS" starttime="20200525 09:23:07.069" endtime="20200525 09:23:07.140"></status>
</kw>
<kw name="Select From List By Label" library="SeleniumLibrary">
<doc>Selects options from selection list ``locator`` by ``labels``.</doc>
<arguments>
<arg>toMonth</arg>
<arg>October</arg>
</arguments>
<msg timestamp="20200525 09:23:07.141" level="INFO">Selecting options from selection list 'toMonth' by label October.</msg>
<status status="PASS" starttime="20200525 09:23:07.141" endtime="20200525 09:23:07.213"></status>
</kw>
<kw name="Select From List By Label" library="SeleniumLibrary">
<doc>Selects options from selection list ``locator`` by ``labels``.</doc>
<arguments>
<arg>toDay</arg>
<arg>12</arg>
</arguments>
<msg timestamp="20200525 09:23:07.214" level="INFO">Selecting options from selection list 'toDay' by label 12.</msg>
<status status="PASS" starttime="20200525 09:23:07.213" endtime="20200525 09:23:07.285"></status>
</kw>
<kw name="Select Radio Button" library="SeleniumLibrary">
<doc>Sets the radio button group ``group_name`` to ``value``.</doc>
<arguments>
<arg>servClass</arg>
<arg>First</arg>
</arguments>
<msg timestamp="20200525 09:23:07.285" level="INFO">Selecting 'First' from radio button 'servClass'.</msg>
<status status="PASS" starttime="20200525 09:23:07.285" endtime="20200525 09:23:07.343"></status>
</kw>
<kw name="Select From List By Label" library="SeleniumLibrary">
<doc>Selects options from selection list ``locator`` by ``labels``.</doc>
<arguments>
<arg>airline</arg>
<arg>Pangea Airlines</arg>
</arguments>
<msg timestamp="20200525 09:23:07.344" level="INFO">Selecting options from selection list 'airline' by label Pangea Airlines.</msg>
<status status="PASS" starttime="20200525 09:23:07.343" endtime="20200525 09:23:07.415"></status>
</kw>
<kw name="Click Button" library="SeleniumLibrary">
<doc>Clicks the button identified by ``locator``.</doc>
<arguments>
<arg>//input[@name='findFlights']</arg>
</arguments>
<msg timestamp="20200525 09:23:07.416" level="INFO">Clicking button '//input[@name='findFlights']'.</msg>
<status status="PASS" starttime="20200525 09:23:07.416" endtime="20200525 09:23:08.944"></status>
</kw>
<kw name="Sleep" library="BuiltIn">
<doc>Pauses the test executed for the given time.</doc>
<arguments>
<arg>1</arg>
</arguments>
<msg timestamp="20200525 09:23:09.946" level="INFO">Slept 1 second</msg>
<status status="PASS" starttime="20200525 09:23:08.945" endtime="20200525 09:23:09.947"></status>
</kw>
<kw name="Select Radio Button" library="SeleniumLibrary">
<doc>Sets the radio button group ``group_name`` to ``value``.</doc>
<arguments>
<arg>outFlight</arg>
<arg>Blue Skies Airlines$361$271$7:10</arg>
</arguments>
<msg timestamp="20200525 09:23:09.949" level="INFO">Selecting 'Blue Skies Airlines$361$271$7:10' from radio button 'outFlight'.</msg>
<status status="PASS" starttime="20200525 09:23:09.948" endtime="20200525 09:23:10.049"></status>
</kw>
<kw name="Select Radio Button" library="SeleniumLibrary">
<doc>Sets the radio button group ``group_name`` to ``value``.</doc>
<arguments>
<arg>inFlight</arg>
<arg>Pangea Airlines$632$282$16:37</arg>
</arguments>
<msg timestamp="20200525 09:23:10.050" level="INFO">Selecting 'Pangea Airlines$632$282$16:37' from radio button 'inFlight'.</msg>
<status status="PASS" starttime="20200525 09:23:10.050" endtime="20200525 09:23:10.106"></status>
</kw>
<kw name="Click Button" library="SeleniumLibrary">
<doc>Clicks the button identified by ``locator``.</doc>
<arguments>
<arg>//input[@name='reserveFlights']</arg>
</arguments>
<msg timestamp="20200525 09:23:10.107" level="INFO">Clicking button '//input[@name='reserveFlights']'.</msg>
<status status="PASS" starttime="20200525 09:23:10.106" endtime="20200525 09:23:11.324"></status>
</kw>
<doc>This test case is use to book flight</doc>
<status status="PASS" starttime="20200525 09:23:06.716" endtime="20200525 09:23:11.326" critical="yes"></status>
</test>
<test id="s1-s1-s1-t3" name="Fill Details">
<kw name="Input Text" library="SeleniumLibrary">
<doc>Types the given ``text`` into the text field identified by ``locator``.</doc>
<arguments>
<arg>//input[@name='passFirst0']</arg>
<arg>Test</arg>
</arguments>
<msg timestamp="20200525 09:23:11.333" level="INFO">Typing text 'Test' into text field '//input[@name='passFirst0']'.</msg>
<status status="PASS" starttime="20200525 09:23:11.331" endtime="20200525 09:23:11.477"></status>
</kw>
<kw name="Input Text" library="SeleniumLibrary">
<doc>Types the given ``text`` into the text field identified by ``locator``.</doc>
<arguments>
<arg>//input[@name='passLast0']</arg>
<arg>User</arg>
</arguments>
<msg timestamp="20200525 09:23:11.478" level="INFO">Typing text 'User' into text field '//input[@name='passLast0']'.</msg>
<status status="PASS" starttime="20200525 09:23:11.478" endtime="20200525 09:23:11.563"></status>
</kw>
<kw name="Select From List By Label" library="SeleniumLibrary">
<doc>Selects options from selection list ``locator`` by ``labels``.</doc>
<arguments>
<arg>pass.0.meal</arg>
<arg>Kosher</arg>
</arguments>
<msg timestamp="20200525 09:23:11.564" level="INFO">Selecting options from selection list 'pass.0.meal' by label Kosher.</msg>
<status status="PASS" starttime="20200525 09:23:11.563" endtime="20200525 09:23:11.641"></status>
</kw>
<kw name="Select From List By Label" library="SeleniumLibrary">
<doc>Selects options from selection list ``locator`` by ``labels``.</doc>
<arguments>
<arg>creditCard</arg>
<arg>Discover</arg>
</arguments>
<msg timestamp="20200525 09:23:11.642" level="INFO">Selecting options from selection list 'creditCard' by label Discover.</msg>
<status status="PASS" starttime="20200525 09:23:11.641" endtime="20200525 09:23:11.717"></status>
</kw>
<kw name="Input Text" library="SeleniumLibrary">
<doc>Types the given ``text`` into the text field identified by ``locator``.</doc>
<arguments>
<arg>//input[@name='creditnumber']</arg>
<arg>Test</arg>
</arguments>
<msg timestamp="20200525 09:23:11.718" level="INFO">Typing text 'Test' into text field '//input[@name='creditnumber']'.</msg>
<status status="PASS" starttime="20200525 09:23:11.717" endtime="20200525 09:23:11.802"></status>
</kw>
<kw name="Select From List By Label" library="SeleniumLibrary">
<doc>Selects options from selection list ``locator`` by ``labels``.</doc>
<arguments>
<arg>cc_exp_dt_mn</arg>
<arg>04</arg>
</arguments>
<msg timestamp="20200525 09:23:11.803" level="INFO">Selecting options from selection list 'cc_exp_dt_mn' by label 04.</msg>
<status status="PASS" starttime="20200525 09:23:11.803" endtime="20200525 09:23:11.878"></status>
</kw>
<kw name="Select From List By Label" library="SeleniumLibrary">
<doc>Selects options from selection list ``locator`` by ``labels``.</doc>
<arguments>
<arg>cc_exp_dt_yr</arg>
<arg>2006</arg>
</arguments>
<msg timestamp="20200525 09:23:11.879" level="INFO">Selecting options from selection list 'cc_exp_dt_yr' by label 2006.</msg>
<status status="PASS" starttime="20200525 09:23:11.878" endtime="20200525 09:23:11.957"></status>
</kw>
<kw name="Click Button" library="SeleniumLibrary">
<doc>Clicks the button identified by ``locator``.</doc>
<arguments>
<arg>//input[@name='buyFlights']</arg>
</arguments>
<msg timestamp="20200525 09:23:11.958" level="INFO">Clicking button '//input[@name='buyFlights']'.</msg>
<status status="PASS" starttime="20200525 09:23:11.958" endtime="20200525 09:23:12.978"></status>
</kw>
<status status="PASS" starttime="20200525 09:23:11.329" endtime="20200525 09:23:12.980" critical="yes"></status>
</test>
<status status="PASS" starttime="20200525 09:22:50.604" endtime="20200525 09:23:12.985"></status>
</suite>
<status status="PASS" starttime="20200525 09:22:50.601" endtime="20200525 09:23:12.995"></status>
</suite>
<status status="PASS" starttime="20200525 09:22:50.570" endtime="20200525 09:23:13.000"></status>
</suite>
<statistics>
<total>
<stat pass="3" fail="0">Critical Tests</stat>
<stat pass="3" fail="0">All Tests</stat>
</total>
<tag>
</tag>
<suite>
<stat pass="3" fail="0" id="s1" name="UnitTest">UnitTest</stat>
<stat pass="3" fail="0" id="s1-s1" name="Unit1">UnitTest.Unit1</stat>
<stat pass="3" fail="0" id="s1-s1-s1" name="Login">UnitTest.Unit1.Login</stat>
</suite>
</statistics>
<errors>
</errors>
</robot>
